<?xml version="1.0" encoding="UTF-8"?>
<robot generator="Robot 3.1.1 (Python 3.7.2 on win32)" generated="20190526 14:49:31.677" rpa="false">
<suite id="s1" name="TestSuiteFirst" source="D:\official\Python_Projects\Robot\SampleRobot\TestSuiteFirst.robot">
<test id="s1-t1" name="TestLoginKywd">
<kw name="Log To Console" library="BuiltIn" type="setup">
<doc>Logs the given message to the console.</doc>
<arguments>
<arg>Test Case start</arg>
</arguments>
<status status="PASS" starttime="20190526 14:49:32.747" endtime="20190526 14:49:32.748"></status>
</kw>
<kw name="Launch login page" library="Common">
<kw name="Launch Browser and Open URL" library="HomePage">
<kw name="Open Browser" library="SeleniumLibrary">
<doc>Opens a new browser instance to the given ``url``.</doc>
<arguments>
<arg>${URL}</arg>
<arg>chrome</arg>
</arguments>
<msg timestamp="20190526 14:49:32.753" level="INFO">Opening browser 'chrome' to base url 'http://www.rediffmail.com'.</msg>
<status status="PASS" starttime="20190526 14:49:32.751" endtime="20190526 14:50:07.571"></status>
</kw>
<kw name="Maximize Browser Window" library="SeleniumLibrary">
<doc>Maximizes current browser window.</doc>
<status status="PASS" starttime="20190526 14:50:07.572" endtime="20190526 14:50:08.734"></status>
</kw>
<status status="PASS" starttime="20190526 14:49:32.749" endtime="20190526 14:50:08.734"></status>
</kw>
<kw name="Open Login Page" library="HomePage">
<kw name="Click Element" library="SeleniumLibrary">
<doc>Click element identified by ``locator``.</doc>
<arguments>
<arg>class=mailicon</arg>
</arguments>
<msg timestamp="20190526 14:50:08.735" level="INFO">Clicking element 'class=mailicon'.</msg>
<status status="PASS" starttime="20190526 14:50:08.735" endtime="20190526 14:50:11.604"></status>
</kw>
<status status="PASS" starttime="20190526 14:50:08.734" endtime="20190526 14:50:11.605"></status>
</kw>
<status status="PASS" starttime="20190526 14:49:32.748" endtime="20190526 14:50:11.605"></status>
</kw>
<kw name="Login to Rediffmail" library="Rediffmail">
<kw name="Enter Username" library="LoginPage">
<kw name="Input Text" library="SeleniumLibrary">
<doc>Types the given ``text`` into text field identified by ``locator``.</doc>
<arguments>
<arg>id=login1</arg>
<arg>&amp;{login}[Username]</arg>
</arguments>
<msg timestamp="20190526 14:50:11.611" level="INFO">Typing text 'ankitkrmittal' into text field 'id=login1'.</msg>
<status status="PASS" starttime="20190526 14:50:11.608" endtime="20190526 14:50:11.787"></status>
</kw>
<status status="PASS" starttime="20190526 14:50:11.607" endtime="20190526 14:50:11.787"></status>
</kw>
<kw name="Enter Password" library="LoginPage">
<kw name="Input Text" library="SeleniumLibrary">
<doc>Types the given ``text`` into text field identified by ``locator``.</doc>
<arguments>
<arg>id=password</arg>
<arg>&amp;{login}[Password]</arg>
</arguments>
<msg timestamp="20190526 14:50:11.789" level="INFO">Typing text 'vidhu' into text field 'id=password'.</msg>
<status status="PASS" starttime="20190526 14:50:11.788" endtime="20190526 14:50:11.919"></status>
</kw>
<status status="PASS" starttime="20190526 14:50:11.788" endtime="20190526 14:50:11.920"></status>
</kw>
<kw name="Click Login" library="LoginPage">
<kw name="Click Button" library="SeleniumLibrary">
<doc>Clicks button identified by ``locator``.</doc>
<arguments>
<arg>name=proceed</arg>
</arguments>
<msg timestamp="20190526 14:50:11.922" level="INFO">Clicking button 'name=proceed'.</msg>
<status status="PASS" starttime="20190526 14:50:11.921" endtime="20190526 14:50:18.198"></status>
</kw>
<status status="PASS" starttime="20190526 14:50:11.920" endtime="20190526 14:50:18.199"></status>
</kw>
<status status="PASS" starttime="20190526 14:50:11.605" endtime="20190526 14:50:18.199"></status>
</kw>
<kw name="Log To Console" library="BuiltIn" type="teardown">
<doc>Logs the given message to the console.</doc>
<arguments>
<arg>Test Case Tear Down</arg>
</arguments>
<status status="PASS" starttime="20190526 14:50:18.200" endtime="20190526 14:50:18.201"></status>
</kw>
<tags>
<tag>LoginTest</tag>
</tags>
<status status="PASS" starttime="20190526 14:49:32.746" endtime="20190526 14:50:18.202" critical="yes"></status>
</test>
<status status="PASS" starttime="20190526 14:49:31.680" endtime="20190526 14:50:18.205"></status>
</suite>
<statistics>
<total>
<stat pass="1" fail="0">Critical Tests</stat>
<stat pass="1" fail="0">All Tests</stat>
</total>
<tag>
<stat pass="1" fail="0">LoginTest</stat>
</tag>
<suite>
<stat pass="1" fail="0" id="s1" name="TestSuiteFirst">TestSuiteFirst</stat>
</suite>
</statistics>
<errors>
</errors>
</robot>
