<?xml version="1.0" encoding="UTF-8"?>
<robot generator="Robot 3.1.1 (Python 3.7.2 on win32)" generated="20190518 12:00:33.736" rpa="false">
<suite id="s1" name="Amazon" source="D:\official\Python_Projects\Robot\SampleRobot\Tests\Amazon.robot">
<test id="s1-t1" name="User must sign in to check out">
<kw name="Open Browser" library="SeleniumLibrary">
<doc>Opens a new browser instance to the given ``url``.</doc>
<arguments>
<arg>http://www.flipkart.com</arg>
<arg>chrome</arg>
</arguments>
<msg timestamp="20190518 12:00:34.190" level="INFO">Opening browser 'chrome' to base url 'http://www.flipkart.com'.</msg>
<status status="PASS" starttime="20190518 12:00:34.190" endtime="20190518 12:00:46.660"></status>
</kw>
<kw name="Sleep" library="BuiltIn">
<doc>Pauses the test executed for the given time.</doc>
<arguments>
<arg>3s</arg>
</arguments>
<msg timestamp="20190518 12:00:49.663" level="INFO">Slept 3 seconds</msg>
<status status="PASS" starttime="20190518 12:00:46.661" endtime="20190518 12:00:49.663"></status>
</kw>
<kw name="Wait Until Page Contains" library="SeleniumLibrary">
<doc>Waits until ``text`` appears on current page.</doc>
<arguments>
<arg>Flipkart.com</arg>
</arguments>
<status status="PASS" starttime="20190518 12:00:49.664" endtime="20190518 12:00:49.698"></status>
</kw>
<kw name="Click Button" library="SeleniumLibrary">
<doc>Clicks button identified by ``locator``.</doc>
<arguments>
<arg>css=body &gt; div.mCRfo9 &gt; div &gt; div &gt; button</arg>
</arguments>
<msg timestamp="20190518 12:00:49.699" level="INFO">Clicking button 'css=body &gt; div.mCRfo9 &gt; div &gt; div &gt; button'.</msg>
<status status="PASS" starttime="20190518 12:00:49.699" endtime="20190518 12:00:49.889"></status>
</kw>
<kw name="Input Text" library="SeleniumLibrary">
<doc>Types the given ``text`` into text field identified by ``locator``.</doc>
<arguments>
<arg>name=q</arg>
<arg>Shoes</arg>
</arguments>
<msg timestamp="20190518 12:00:49.890" level="INFO">Typing text 'Shoes' into text field 'name=q'.</msg>
<status status="PASS" starttime="20190518 12:00:49.890" endtime="20190518 12:00:50.124"></status>
</kw>
<kw name="Click Button" library="SeleniumLibrary">
<doc>Clicks button identified by ``locator``.</doc>
<arguments>
<arg>xpath=//button[@class='vh79eN']</arg>
</arguments>
<msg timestamp="20190518 12:00:50.125" level="INFO">Clicking button 'xpath=//button[@class='vh79eN']'.</msg>
<status status="PASS" starttime="20190518 12:00:50.124" endtime="20190518 12:00:50.530"></status>
</kw>
<kw name="Click Image" library="SeleniumLibrary">
<doc>Clicks an image identified by ``locator``.</doc>
<arguments>
<arg>src=https://rukminim1.flixcart.com/image/329/395/shoe/c/r/h/blue-dps01-gs-10-original-imae4zqgvqmyaxmb.jpeg?q=50</arg>
</arguments>
<msg timestamp="20190518 12:00:50.531" level="INFO">Clicking image 'src=https://rukminim1.flixcart.com/image/329/395/shoe/c/r/h/blue-dps01-gs-10-original-imae4zqgvqmyaxmb.jpeg?q=50'.</msg>
<kw name="Capture Page Screenshot" library="SeleniumLibrary">
<doc>Takes screenshot of the current page and embeds it into log file.</doc>
<msg timestamp="20190518 12:00:50.944" level="INFO" html="yes">&lt;/td&gt;&lt;/tr&gt;&lt;tr&gt;&lt;td colspan="3"&gt;&lt;a href="selenium-screenshot-5.png"&gt;&lt;img src="selenium-screenshot-5.png" width="800px"&gt;&lt;/a&gt;</msg>
<status status="PASS" starttime="20190518 12:00:50.623" endtime="20190518 12:00:50.944"></status>
</kw>
<msg timestamp="20190518 12:00:50.947" level="FAIL">Input with locator 'src=https://rukminim1.flixcart.com/image/329/395/shoe/c/r/h/blue-dps01-gs-10-original-imae4zqgvqmyaxmb.jpeg?q=50' not found.</msg>
<status status="FAIL" starttime="20190518 12:00:50.531" endtime="20190518 12:00:50.947"></status>
</kw>
<doc>This is some basic info about test</doc>
<tags>
<tag>Smoke</tag>
</tags>
<status status="FAIL" starttime="20190518 12:00:34.189" endtime="20190518 12:00:50.948" critical="yes">Input with locator 'src=https://rukminim1.flixcart.com/image/329/395/shoe/c/r/h/blue-dps01-gs-10-original-imae4zqgvqmyaxmb.jpeg?q=50' not found.</status>
</test>
<doc>This is some basic info about Robot</doc>
<status status="FAIL" starttime="20190518 12:00:33.739" endtime="20190518 12:00:50.950"></status>
</suite>
<statistics>
<total>
<stat pass="0" fail="1">Critical Tests</stat>
<stat pass="0" fail="1">All Tests</stat>
</total>
<tag>
<stat pass="0" fail="1">Smoke</stat>
</tag>
<suite>
<stat pass="0" fail="1" id="s1" name="Amazon">Amazon</stat>
</suite>
</statistics>
<errors>
</errors>
</robot>
