<?xml version="1.0" encoding="UTF-8"?>
<robot generator="Robot 3.1.1 (Python 3.7.2 on win32)" generated="20190519 03:46:44.575" rpa="false">
<suite id="s1" name="Amazon" source="D:\official\Python_Projects\Robot\SampleRobot\Tests\Amazon.robot">
<test id="s1-t1" name="User must sign in to check out">
<kw name="Open Browser" library="SeleniumLibrary">
<doc>Opens a new browser instance to the given ``url``.</doc>
<arguments>
<arg>${Url}</arg>
<arg>${Browser}</arg>
</arguments>
<msg timestamp="20190519 03:46:47.273" level="INFO">Opening browser 'chrome' to base url 'https://www.flipkart.com'.</msg>
<status status="PASS" starttime="20190519 03:46:47.272" endtime="20190519 03:46:58.517"></status>
</kw>
<kw name="Maximize Browser Window" library="SeleniumLibrary">
<doc>Maximizes current browser window.</doc>
<status status="PASS" starttime="20190519 03:46:58.518" endtime="20190519 03:46:59.663"></status>
</kw>
<kw name="Sleep" library="BuiltIn">
<doc>Pauses the test executed for the given time.</doc>
<arguments>
<arg>3s</arg>
</arguments>
<msg timestamp="20190519 03:47:02.673" level="INFO">Slept 3 seconds</msg>
<status status="PASS" starttime="20190519 03:46:59.671" endtime="20190519 03:47:02.673"></status>
</kw>
<kw name="Wait Until Page Contains" library="SeleniumLibrary">
<doc>Waits until ``text`` appears on current page.</doc>
<arguments>
<arg>Flipkart.com</arg>
</arguments>
<status status="PASS" starttime="20190519 03:47:02.674" endtime="20190519 03:47:02.706"></status>
</kw>
<kw name="Click Button" library="SeleniumLibrary">
<doc>Clicks button identified by ``locator``.</doc>
<arguments>
<arg>css=body &gt; div.mCRfo9 &gt; div &gt; div &gt; button</arg>
</arguments>
<msg timestamp="20190519 03:47:02.707" level="INFO">Clicking button 'css=body &gt; div.mCRfo9 &gt; div &gt; div &gt; button'.</msg>
<status status="PASS" starttime="20190519 03:47:02.707" endtime="20190519 03:47:02.845"></status>
</kw>
<kw name="Input Text" library="SeleniumLibrary">
<doc>Types the given ``text`` into text field identified by ``locator``.</doc>
<arguments>
<arg>name=q</arg>
<arg>Shoes</arg>
</arguments>
<msg timestamp="20190519 03:47:02.847" level="INFO">Typing text 'Shoes' into text field 'name=q'.</msg>
<status status="PASS" starttime="20190519 03:47:02.846" endtime="20190519 03:47:03.015"></status>
</kw>
<kw name="Click Button" library="SeleniumLibrary">
<doc>Clicks button identified by ``locator``.</doc>
<arguments>
<arg>xpath=//button[@class='vh79eN']</arg>
</arguments>
<msg timestamp="20190519 03:47:03.016" level="INFO">Clicking button 'xpath=//button[@class='vh79eN']'.</msg>
<status status="PASS" starttime="20190519 03:47:03.015" endtime="20190519 03:47:03.486"></status>
</kw>
<kw name="Sleep" library="BuiltIn">
<doc>Pauses the test executed for the given time.</doc>
<arguments>
<arg>5s</arg>
</arguments>
<msg timestamp="20190519 03:47:08.488" level="INFO">Slept 5 seconds</msg>
<status status="PASS" starttime="20190519 03:47:03.487" endtime="20190519 03:47:08.489"></status>
</kw>
<kw name="Click Image" library="SeleniumLibrary">
<doc>Clicks an image identified by ``locator``.</doc>
<arguments>
<arg>Flipkart</arg>
</arguments>
<msg timestamp="20190519 03:47:08.491" level="INFO">Clicking image 'Flipkart'.</msg>
<status status="PASS" starttime="20190519 03:47:08.490" endtime="20190519 03:47:08.773"></status>
</kw>
<kw name="Sleep" library="BuiltIn">
<doc>Pauses the test executed for the given time.</doc>
<arguments>
<arg>5s</arg>
</arguments>
<msg timestamp="20190519 03:47:13.778" level="INFO">Slept 5 seconds</msg>
<status status="PASS" starttime="20190519 03:47:08.775" endtime="20190519 03:47:13.779"></status>
</kw>
<kw name="Click Link" library="SeleniumLibrary">
<doc>Clicks a link identified by ``locator``.</doc>
<arguments>
<arg>xpath=//a[@class='_3wkiBG']</arg>
</arguments>
<msg timestamp="20190519 03:47:13.781" level="INFO">Clicking link 'xpath=//a[@class='_3wkiBG']'.</msg>
<status status="PASS" starttime="20190519 03:47:13.780" endtime="20190519 03:47:14.090"></status>
</kw>
<kw name="Close Browser" library="SeleniumLibrary">
<doc>Closes the current browser.</doc>
<status status="PASS" starttime="20190519 03:47:14.090" endtime="20190519 03:47:16.314"></status>
</kw>
<doc>This is some basic info about test</doc>
<tags>
<tag>Smoke</tag>
</tags>
<status status="PASS" starttime="20190519 03:46:47.268" endtime="20190519 03:47:16.316" critical="yes"></status>
</test>
<doc>This is some basic info about Robot</doc>
<status status="PASS" starttime="20190519 03:46:44.581" endtime="20190519 03:47:16.353"></status>
</suite>
<statistics>
<total>
<stat pass="1" fail="0">Critical Tests</stat>
<stat pass="1" fail="0">All Tests</stat>
</total>
<tag>
<stat pass="1" fail="0">Smoke</stat>
</tag>
<suite>
<stat pass="1" fail="0" id="s1" name="Amazon">Amazon</stat>
</suite>
</statistics>
<errors>
</errors>
</robot>
