<?xml version="1.0" encoding="UTF-8"?>
<robot generator="Robot 3.1.1 (Python 3.7.2 on win32)" generated="20190526 15:02:33.883" rpa="false">
<suite id="s1" name="Tests" source="D:\official\Python_Projects\Robot\SampleRobot\Tests">
<suite id="s1-s1" name="Amazon" source="D:\official\Python_Projects\Robot\SampleRobot\Tests\Amazon.robot">
<test id="s1-s1-t1" name="User must sign in to check out">
<kw name="Open Browser" library="SeleniumLibrary">
<doc>Opens a new browser instance to the given ``url``.</doc>
<arguments>
<arg>${Url}</arg>
<arg>chrome</arg>
</arguments>
<msg timestamp="20190526 15:02:34.242" level="INFO">Opening browser 'chrome' to base url 'https://www.flipkart.com'.</msg>
<status status="PASS" starttime="20190526 15:02:34.240" endtime="20190526 15:02:56.086"></status>
</kw>
<kw name="Maximize Browser Window" library="SeleniumLibrary">
<doc>Maximizes current browser window.</doc>
<status status="PASS" starttime="20190526 15:02:56.088" endtime="20190526 15:02:57.251"></status>
</kw>
<kw name="Sleep" library="BuiltIn">
<doc>Pauses the test executed for the given time.</doc>
<arguments>
<arg>3s</arg>
</arguments>
<msg timestamp="20190526 15:03:00.255" level="INFO">Slept 3 seconds</msg>
<status status="PASS" starttime="20190526 15:02:57.254" endtime="20190526 15:03:00.255"></status>
</kw>
<kw name="Wait Until Page Contains" library="SeleniumLibrary">
<doc>Waits until ``text`` appears on current page.</doc>
<arguments>
<arg>Flipkart.com</arg>
</arguments>
<status status="PASS" starttime="20190526 15:03:00.256" endtime="20190526 15:03:00.296"></status>
</kw>
<kw name="Click Button" library="SeleniumLibrary">
<doc>Clicks button identified by ``locator``.</doc>
<arguments>
<arg>css=body &gt; div.mCRfo9 &gt; div &gt; div &gt; button</arg>
</arguments>
<msg timestamp="20190526 15:03:00.297" level="INFO">Clicking button 'css=body &gt; div.mCRfo9 &gt; div &gt; div &gt; button'.</msg>
<status status="PASS" starttime="20190526 15:03:00.296" endtime="20190526 15:03:00.554"></status>
</kw>
<kw name="Input Text" library="SeleniumLibrary">
<doc>Types the given ``text`` into text field identified by ``locator``.</doc>
<arguments>
<arg>name=q</arg>
<arg>Shoes</arg>
</arguments>
<msg timestamp="20190526 15:03:00.562" level="INFO">Typing text 'Shoes' into text field 'name=q'.</msg>
<status status="PASS" starttime="20190526 15:03:00.560" endtime="20190526 15:03:00.945"></status>
</kw>
<kw name="Click Button" library="SeleniumLibrary">
<doc>Clicks button identified by ``locator``.</doc>
<arguments>
<arg>xpath=//button[@class='vh79eN']</arg>
</arguments>
<msg timestamp="20190526 15:03:00.946" level="INFO">Clicking button 'xpath=//button[@class='vh79eN']'.</msg>
<status status="PASS" starttime="20190526 15:03:00.945" endtime="20190526 15:03:01.464"></status>
</kw>
<kw name="Sleep" library="BuiltIn">
<doc>Pauses the test executed for the given time.</doc>
<arguments>
<arg>5s</arg>
</arguments>
<msg timestamp="20190526 15:03:06.470" level="INFO">Slept 5 seconds</msg>
<status status="PASS" starttime="20190526 15:03:01.468" endtime="20190526 15:03:06.470"></status>
</kw>
<kw name="Click Image" library="SeleniumLibrary">
<doc>Clicks an image identified by ``locator``.</doc>
<arguments>
<arg>Flipkart</arg>
</arguments>
<msg timestamp="20190526 15:03:06.472" level="INFO">Clicking image 'Flipkart'.</msg>
<status status="PASS" starttime="20190526 15:03:06.471" endtime="20190526 15:03:06.922"></status>
</kw>
<kw name="Sleep" library="BuiltIn">
<doc>Pauses the test executed for the given time.</doc>
<arguments>
<arg>5s</arg>
</arguments>
<msg timestamp="20190526 15:03:11.937" level="INFO">Slept 5 seconds</msg>
<status status="PASS" starttime="20190526 15:03:06.936" endtime="20190526 15:03:11.937"></status>
</kw>
<kw name="Click Link" library="SeleniumLibrary">
<doc>Clicks a link identified by ``locator``.</doc>
<arguments>
<arg>xpath=//a[@class='_3wkiBG']</arg>
</arguments>
<msg timestamp="20190526 15:03:11.939" level="INFO">Clicking link 'xpath=//a[@class='_3wkiBG']'.</msg>
<kw name="Capture Page Screenshot" library="SeleniumLibrary">
<doc>Takes screenshot of the current page and embeds it into log file.</doc>
<msg timestamp="20190526 15:03:12.713" level="INFO" html="yes">&lt;/td&gt;&lt;/tr&gt;&lt;tr&gt;&lt;td colspan="3"&gt;&lt;a href="selenium-screenshot-2.png"&gt;&lt;img src="selenium-screenshot-2.png" width="800px"&gt;&lt;/a&gt;</msg>
<status status="PASS" starttime="20190526 15:03:11.979" endtime="20190526 15:03:12.713"></status>
</kw>
<msg timestamp="20190526 15:03:12.772" level="FAIL">Link with locator 'xpath=//a[@class='_3wkiBG']' not found.</msg>
<status status="FAIL" starttime="20190526 15:03:11.938" endtime="20190526 15:03:12.772"></status>
</kw>
<doc>This is some basic info about test</doc>
<tags>
<tag>Smoke</tag>
</tags>
<status status="FAIL" starttime="20190526 15:02:34.238" endtime="20190526 15:03:12.774" critical="yes">Link with locator 'xpath=//a[@class='_3wkiBG']' not found.</status>
</test>
<doc>This is some basic info about Robot</doc>
<status status="FAIL" starttime="20190526 15:02:33.939" endtime="20190526 15:03:12.799"></status>
</suite>
<suite id="s1-s2" name="Product1" source="D:\official\Python_Projects\Robot\SampleRobot\Tests\Product1">
<suite id="s1-s2-s1" name="Amazon" source="D:\official\Python_Projects\Robot\SampleRobot\Tests\Product1\Amazon.robot">
<test id="s1-s2-s1-t1" name="User must sign in to check out">
<kw name="Open Browser" library="SeleniumLibrary">
<doc>Opens a new browser instance to the given ``url``.</doc>
<arguments>
<arg>${Url}</arg>
<arg>chrome</arg>
</arguments>
<msg timestamp="20190526 15:03:12.832" level="INFO">Opening browser 'chrome' to base url 'https://www.flipkart.com'.</msg>
<status status="PASS" starttime="20190526 15:03:12.832" endtime="20190526 15:03:57.940"></status>
</kw>
<kw name="Maximize Browser Window" library="SeleniumLibrary">
<doc>Maximizes current browser window.</doc>
<status status="PASS" starttime="20190526 15:03:57.941" endtime="20190526 15:03:59.630"></status>
</kw>
<kw name="Sleep" library="BuiltIn">
<doc>Pauses the test executed for the given time.</doc>
<arguments>
<arg>3s</arg>
</arguments>
<msg timestamp="20190526 15:04:02.640" level="INFO">Slept 3 seconds</msg>
<status status="PASS" starttime="20190526 15:03:59.638" endtime="20190526 15:04:02.640"></status>
</kw>
<kw name="Wait Until Page Contains" library="SeleniumLibrary">
<doc>Waits until ``text`` appears on current page.</doc>
<arguments>
<arg>Flipkart.com</arg>
</arguments>
<status status="PASS" starttime="20190526 15:04:02.641" endtime="20190526 15:04:02.715"></status>
</kw>
<kw name="Click Button" library="SeleniumLibrary">
<doc>Clicks button identified by ``locator``.</doc>
<arguments>
<arg>css=body &gt; div.mCRfo9 &gt; div &gt; div &gt; button</arg>
</arguments>
<msg timestamp="20190526 15:04:02.720" level="INFO">Clicking button 'css=body &gt; div.mCRfo9 &gt; div &gt; div &gt; button'.</msg>
<status status="PASS" starttime="20190526 15:04:02.719" endtime="20190526 15:04:03.037"></status>
</kw>
<kw name="Input Text" library="SeleniumLibrary">
<doc>Types the given ``text`` into text field identified by ``locator``.</doc>
<arguments>
<arg>name=q</arg>
<arg>Shoes</arg>
</arguments>
<msg timestamp="20190526 15:04:03.039" level="INFO">Typing text 'Shoes' into text field 'name=q'.</msg>
<status status="PASS" starttime="20190526 15:04:03.039" endtime="20190526 15:04:03.381"></status>
</kw>
<kw name="Click Button" library="SeleniumLibrary">
<doc>Clicks button identified by ``locator``.</doc>
<arguments>
<arg>xpath=//button[@class='vh79eN']</arg>
</arguments>
<msg timestamp="20190526 15:04:03.382" level="INFO">Clicking button 'xpath=//button[@class='vh79eN']'.</msg>
<status status="PASS" starttime="20190526 15:04:03.381" endtime="20190526 15:04:03.714"></status>
</kw>
<kw name="Sleep" library="BuiltIn">
<doc>Pauses the test executed for the given time.</doc>
<arguments>
<arg>5s</arg>
</arguments>
<msg timestamp="20190526 15:04:08.718" level="INFO">Slept 5 seconds</msg>
<status status="PASS" starttime="20190526 15:04:03.716" endtime="20190526 15:04:08.913"></status>
</kw>
<kw name="Click Image" library="SeleniumLibrary">
<doc>Clicks an image identified by ``locator``.</doc>
<arguments>
<arg>Flipkart</arg>
</arguments>
<msg timestamp="20190526 15:04:08.914" level="INFO">Clicking image 'Flipkart'.</msg>
<status status="PASS" starttime="20190526 15:04:08.914" endtime="20190526 15:04:09.355"></status>
</kw>
<kw name="Sleep" library="BuiltIn">
<doc>Pauses the test executed for the given time.</doc>
<arguments>
<arg>5s</arg>
</arguments>
<msg timestamp="20190526 15:04:14.359" level="INFO">Slept 5 seconds</msg>
<status status="PASS" starttime="20190526 15:04:09.357" endtime="20190526 15:04:14.359"></status>
</kw>
<kw name="Click Link" library="SeleniumLibrary">
<doc>Clicks a link identified by ``locator``.</doc>
<arguments>
<arg>xpath=//a[@class='_3wkiBG']</arg>
</arguments>
<msg timestamp="20190526 15:04:14.360" level="INFO">Clicking link 'xpath=//a[@class='_3wkiBG']'.</msg>
<kw name="Capture Page Screenshot" library="SeleniumLibrary">
<doc>Takes screenshot of the current page and embeds it into log file.</doc>
<msg timestamp="20190526 15:04:14.860" level="INFO" html="yes">&lt;/td&gt;&lt;/tr&gt;&lt;tr&gt;&lt;td colspan="3"&gt;&lt;a href="selenium-screenshot-3.png"&gt;&lt;img src="selenium-screenshot-3.png" width="800px"&gt;&lt;/a&gt;</msg>
<status status="PASS" starttime="20190526 15:04:14.385" endtime="20190526 15:04:14.860"></status>
</kw>
<msg timestamp="20190526 15:04:16.676" level="FAIL">Link with locator 'xpath=//a[@class='_3wkiBG']' not found.</msg>
<status status="FAIL" starttime="20190526 15:04:14.359" endtime="20190526 15:04:16.676"></status>
</kw>
<doc>This is some basic info about test</doc>
<tags>
<tag>Smoke</tag>
</tags>
<status status="FAIL" starttime="20190526 15:03:12.830" endtime="20190526 15:04:16.997" critical="yes">Link with locator 'xpath=//a[@class='_3wkiBG']' not found.</status>
</test>
<doc>This is some basic info about Robot</doc>
<status status="FAIL" starttime="20190526 15:03:12.810" endtime="20190526 15:04:17.010"></status>
</suite>
<status status="FAIL" starttime="20190526 15:03:12.803" endtime="20190526 15:04:17.023"></status>
</suite>
<suite id="s1-s3" name="Product2" source="D:\official\Python_Projects\Robot\SampleRobot\Tests\Product2">
<suite id="s1-s3-s1" name="TestSuiteFirst" source="D:\official\Python_Projects\Robot\SampleRobot\Tests\Product2\TestSuiteFirst.robot">
<test id="s1-s3-s1-t1" name="LoginTest">
<kw name="Open Browser" library="SeleniumLibrary">
<doc>Opens a new browser instance to the given ``url``.</doc>
<arguments>
<arg>${URL}</arg>
<arg>chrome</arg>
</arguments>
<msg timestamp="20190526 15:05:05.974" level="INFO">Opening browser 'chrome' to base url 'http://www.rediffmail.com'.</msg>
<status status="PASS" starttime="20190526 15:05:05.973" endtime="20190526 15:06:00.891"></status>
</kw>
<kw name="Maximize Browser Window" library="SeleniumLibrary">
<doc>Maximizes current browser window.</doc>
<status status="PASS" starttime="20190526 15:06:00.892" endtime="20190526 15:06:02.057"></status>
</kw>
<kw name="Click Element" library="SeleniumLibrary">
<doc>Click element identified by ``locator``.</doc>
<arguments>
<arg>class=mailicon</arg>
</arguments>
<msg timestamp="20190526 15:06:02.058" level="INFO">Clicking element 'class=mailicon'.</msg>
<status status="PASS" starttime="20190526 15:06:02.057" endtime="20190526 15:06:04.801"></status>
</kw>
<kw name="Input Text" library="SeleniumLibrary">
<doc>Types the given ``text`` into text field identified by ``locator``.</doc>
<arguments>
<arg>id=login1</arg>
<arg>@{CREDENTIAL}[0]</arg>
</arguments>
<msg timestamp="20190526 15:06:04.803" level="INFO">Typing text 'ankitkrmittal' into text field 'id=login1'.</msg>
<status status="PASS" starttime="20190526 15:06:04.802" endtime="20190526 15:06:04.982"></status>
</kw>
<kw name="Input Password" library="SeleniumLibrary">
<doc>Types the given password into text field identified by ``locator``.</doc>
<arguments>
<arg>id=password</arg>
<arg>&amp;{login}[Password]</arg>
</arguments>
<msg timestamp="20190526 15:06:04.983" level="INFO">Typing password into text field 'id=password'.</msg>
<status status="PASS" starttime="20190526 15:06:04.983" endtime="20190526 15:06:05.122"></status>
</kw>
<kw name="Click Button" library="SeleniumLibrary">
<doc>Clicks button identified by ``locator``.</doc>
<arguments>
<arg>name=proceed</arg>
</arguments>
<msg timestamp="20190526 15:06:05.125" level="INFO">Clicking button 'name=proceed'.</msg>
<status status="PASS" starttime="20190526 15:06:05.124" endtime="20190526 15:06:09.639"></status>
</kw>
<tags>
<tag>Test2</tag>
</tags>
<status status="PASS" starttime="20190526 15:05:05.970" endtime="20190526 15:06:09.639" critical="yes"></status>
</test>
<test id="s1-s3-s1-t2" name="TestLoginKywd">
<kw name="Log To Console" library="BuiltIn" type="setup">
<doc>Logs the given message to the console.</doc>
<arguments>
<arg>Test Case start</arg>
</arguments>
<status status="PASS" starttime="20190526 15:06:09.644" endtime="20190526 15:06:09.647"></status>
</kw>
<kw name="Sleep" library="BuiltIn">
<doc>Pauses the test executed for the given time.</doc>
<arguments>
<arg>5s</arg>
</arguments>
<msg timestamp="20190526 15:06:14.649" level="INFO">Slept 5 seconds</msg>
<status status="PASS" starttime="20190526 15:06:09.648" endtime="20190526 15:06:14.649"></status>
</kw>
<kw name="Open Browser" library="SeleniumLibrary">
<doc>Opens a new browser instance to the given ``url``.</doc>
<arguments>
<arg>${URL}</arg>
<arg>chrome</arg>
</arguments>
<msg timestamp="20190526 15:06:14.651" level="INFO">Opening browser 'chrome' to base url 'http://www.rediffmail.com'.</msg>
<status status="PASS" starttime="20190526 15:06:14.650" endtime="20190526 15:06:49.392"></status>
</kw>
<kw name="Maximize Browser Window" library="SeleniumLibrary">
<doc>Maximizes current browser window.</doc>
<status status="PASS" starttime="20190526 15:06:49.393" endtime="20190526 15:06:50.744"></status>
</kw>
<kw name="Click Element" library="SeleniumLibrary">
<doc>Click element identified by ``locator``.</doc>
<arguments>
<arg>class=mailicon</arg>
</arguments>
<msg timestamp="20190526 15:06:50.745" level="INFO">Clicking element 'class=mailicon'.</msg>
<status status="PASS" starttime="20190526 15:06:50.745" endtime="20190526 15:06:53.646"></status>
</kw>
<kw name="login">
<kw name="Input Text" library="SeleniumLibrary">
<doc>Types the given ``text`` into text field identified by ``locator``.</doc>
<arguments>
<arg>id=login1</arg>
<arg>&amp;{login}[Username]</arg>
</arguments>
<msg timestamp="20190526 15:06:53.648" level="INFO">Typing text 'ankitkrmittal' into text field 'id=login1'.</msg>
<status status="PASS" starttime="20190526 15:06:53.647" endtime="20190526 15:06:53.900"></status>
</kw>
<kw name="Input Text" library="SeleniumLibrary">
<doc>Types the given ``text`` into text field identified by ``locator``.</doc>
<arguments>
<arg>id=password</arg>
<arg>&amp;{login}[Password]</arg>
</arguments>
<msg timestamp="20190526 15:06:53.901" level="INFO">Typing text 'vidhu' into text field 'id=password'.</msg>
<status status="PASS" starttime="20190526 15:06:53.900" endtime="20190526 15:06:55.003"></status>
</kw>
<kw name="Click Button" library="SeleniumLibrary">
<doc>Clicks button identified by ``locator``.</doc>
<arguments>
<arg>name=proceed</arg>
</arguments>
<msg timestamp="20190526 15:06:55.004" level="INFO">Clicking button 'name=proceed'.</msg>
<status status="PASS" starttime="20190526 15:06:55.003" endtime="20190526 15:07:01.846"></status>
</kw>
<status status="PASS" starttime="20190526 15:06:53.647" endtime="20190526 15:07:01.846"></status>
</kw>
<kw name="Log To Console" library="BuiltIn" type="teardown">
<doc>Logs the given message to the console.</doc>
<arguments>
<arg>Test Case Tear Down</arg>
</arguments>
<status status="PASS" starttime="20190526 15:07:01.846" endtime="20190526 15:07:01.847"></status>
</kw>
<tags>
<tag>LoginTest</tag>
</tags>
<status status="PASS" starttime="20190526 15:06:09.643" endtime="20190526 15:07:01.847" critical="yes"></status>
</test>
<test id="s1-s3-s1-t3" name="TestTags">
<kw name="Log To Console" library="BuiltIn">
<doc>Logs the given message to the console.</doc>
<arguments>
<arg>TestTags Started</arg>
</arguments>
<status status="PASS" starttime="20190526 15:07:01.850" endtime="20190526 15:07:01.851"></status>
</kw>
<kw name="Open Browser" library="SeleniumLibrary">
<doc>Opens a new browser instance to the given ``url``.</doc>
<arguments>
<arg>http://www.google.com</arg>
<arg>chrome</arg>
</arguments>
<msg timestamp="20190526 15:07:01.852" level="INFO">Opening browser 'chrome' to base url 'http://www.google.com'.</msg>
<status status="PASS" starttime="20190526 15:07:01.852" endtime="20190526 15:07:13.943"></status>
</kw>
<kw name="Close All Browsers" library="SeleniumLibrary">
<doc>Closes all open browsers and resets the browser cache.</doc>
<status status="PASS" starttime="20190526 15:07:13.947" endtime="20190526 15:07:25.439"></status>
</kw>
<kw name="Log To Console" library="BuiltIn">
<doc>Logs the given message to the console.</doc>
<arguments>
<arg>Test Terminated</arg>
</arguments>
<status status="PASS" starttime="20190526 15:07:25.440" endtime="20190526 15:07:25.442"></status>
</kw>
<kw name="Set Tags" library="BuiltIn">
<doc>Adds given ``tags`` for the current test or all tests in a suite.</doc>
<arguments>
<arg>Smoke</arg>
</arguments>
<msg timestamp="20190526 15:07:25.445" level="INFO">Set tag 'Smoke'.</msg>
<status status="PASS" starttime="20190526 15:07:25.444" endtime="20190526 15:07:25.445"></status>
</kw>
<kw name="Remove Tags" library="BuiltIn">
<doc>Removes given ``tags`` from the current test or all tests in a suite.</doc>
<arguments>
<arg>Smoke</arg>
</arguments>
<msg timestamp="20190526 15:07:25.446" level="INFO">Removed tag 'Smoke'.</msg>
<status status="PASS" starttime="20190526 15:07:25.445" endtime="20190526 15:07:25.446"></status>
</kw>
<tags>
<tag>Sanity</tag>
</tags>
<status status="PASS" starttime="20190526 15:07:01.849" endtime="20190526 15:07:25.448" critical="yes"></status>
</test>
<status status="PASS" starttime="20190526 15:04:17.042" endtime="20190526 15:07:25.449"></status>
</suite>
<status status="PASS" starttime="20190526 15:04:17.029" endtime="20190526 15:07:25.456"></status>
</suite>
<suite id="s1-s4" name="Sample" source="D:\official\Python_Projects\Robot\SampleRobot\Tests\sample.robot">
<test id="s1-s4-t1" name="Test to perform google com">
<kw name="Open Browser" library="SeleniumLibrary">
<doc>Opens a new browser instance to the given ``url``.</doc>
<arguments>
<arg>http://www.google.com</arg>
<arg>chrome</arg>
</arguments>
<msg timestamp="20190526 15:07:25.497" level="INFO">Opening browser 'chrome' to base url 'http://www.google.com'.</msg>
<status status="PASS" starttime="20190526 15:07:25.497" endtime="20190526 15:07:34.081"></status>
</kw>
<doc>This is first file</doc>
<status status="PASS" starttime="20190526 15:07:25.496" endtime="20190526 15:07:34.082" critical="yes"></status>
</test>
<doc>Suite description</doc>
<status status="PASS" starttime="20190526 15:07:25.462" endtime="20190526 15:07:34.084"></status>
</suite>
<status status="FAIL" starttime="20190526 15:02:33.887" endtime="20190526 15:07:34.091"></status>
</suite>
<statistics>
<total>
<stat pass="4" fail="2">Critical Tests</stat>
<stat pass="4" fail="2">All Tests</stat>
</total>
<tag>
<stat pass="1" fail="0">LoginTest</stat>
<stat pass="1" fail="0">Sanity</stat>
<stat pass="0" fail="2">Smoke</stat>
<stat pass="1" fail="0">Test2</stat>
</tag>
<suite>
<stat pass="4" fail="2" id="s1" name="Tests">Tests</stat>
<stat pass="0" fail="1" id="s1-s1" name="Amazon">Tests.Amazon</stat>
<stat pass="0" fail="1" id="s1-s2" name="Product1">Tests.Product1</stat>
<stat pass="0" fail="1" id="s1-s2-s1" name="Amazon">Tests.Product1.Amazon</stat>
<stat pass="3" fail="0" id="s1-s3" name="Product2">Tests.Product2</stat>
<stat pass="3" fail="0" id="s1-s3-s1" name="TestSuiteFirst">Tests.Product2.TestSuiteFirst</stat>
<stat pass="1" fail="0" id="s1-s4" name="Sample">Tests.Sample</stat>
</suite>
</statistics>
<errors>
</errors>
</robot>
